<?xml version="1.0" encoding="UTF-8"?>
<!-- Generated by org.testng.reporters.JUnitReportReporter -->
<testsuite hostname="DESKTOP-G3R6BFE" failures="0" tests="7" name="P02_ProductsPageTC" time="0.339" errors="0" timestamp="2025-07-24T09:48:34 EEST" skipped="0">
  <testcase classname="P02_ProductsPageTC" name="addToCart" time="0.102"/>
  <testcase classname="P02_ProductsPageTC" name="addToCart" time="0.001"/>
  <testcase classname="P02_ProductsPageTC" name="addToCart" time="0.001"/>
  <testcase classname="P02_ProductsPageTC" name="addToCart" time="0.000"/>
  <testcase classname="P02_ProductsPageTC" name="addToCart" time="0.115"/>
  <testcase classname="P02_ProductsPageTC" name="addToCart" time="0.000"/>
  <testcase classname="P02_ProductsPageTC" name="addToCart" time="0.120"/>
</testsuite> <!-- P02_ProductsPageTC -->
