<?xml version="1.0" encoding="UTF-8"?>
<!-- Generated by org.testng.reporters.JUnitReportReporter -->
<testsuite hostname="DESKTOP-G3R6BFE" failures="0" tests="4" name="P01_LoginPageTC" time="2.993" errors="0" timestamp="2025-07-24T09:48:34 EEST" skipped="0">
  <testcase classname="P01_LoginPageTC" name="validUserNameAndPassword" time="1.324"/>
  <testcase classname="P01_LoginPageTC" name="validUserNameAndemptyPassword" time="0.281"/>
  <testcase classname="P01_LoginPageTC" name="vlidationLockeUser" time="0.184"/>
  <testcase classname="P01_LoginPageTC" name="validPasswordAndemptyUsername" time="1.204"/>
</testsuite> <!-- P01_LoginPageTC -->
