<?xml version="1.0" encoding="UTF-8"?>
<!-- Generated by org.testng.reporters.JUnitReportReporter -->
<testsuite hostname="DESKTOP-G3R6BFE" failures="0" tests="23" name="P03_CartPageTC" time="1.222" errors="0" timestamp="2025-07-24T09:48:34 EEST" skipped="0">
  <testcase classname="P03_CartPageTC" name="verifyDisplay" time="0.033"/>
  <testcase classname="P03_CartPageTC" name="verifyDisplay" time="0.000"/>
  <testcase classname="P03_CartPageTC" name="verifyDisplay" time="0.001"/>
  <testcase classname="P03_CartPageTC" name="verifyDisplay" time="0.025"/>
  <testcase classname="P03_CartPageTC" name="verifyDisplay" time="0.028"/>
  <testcase classname="P03_CartPageTC" name="verifyDisplay" time="0.000"/>
  <testcase classname="P03_CartPageTC" name="verifyDisplay" time="0.000"/>
  <testcase classname="P03_CartPageTC" name="removeProduct" time="0.084"/>
  <testcase classname="P03_CartPageTC" name="removeProduct" time="0.001"/>
  <testcase classname="P03_CartPageTC" name="removeProduct" time="0.000"/>
  <testcase classname="P03_CartPageTC" name="removeProduct" time="0.000"/>
  <testcase classname="P03_CartPageTC" name="removeProduct" time="0.061"/>
  <testcase classname="P03_CartPageTC" name="removeProduct" time="0.000"/>
  <testcase classname="P03_CartPageTC" name="removeProduct" time="0.000"/>
  <testcase classname="P03_CartPageTC" name="verifyProductsRemoved" time="0.064"/>
  <testcase classname="P03_CartPageTC" name="verifyProductsRemoved" time="0.060"/>
  <testcase classname="P03_CartPageTC" name="verifyProductsRemoved" time="0.085"/>
  <testcase classname="P03_CartPageTC" name="Checkout" time="0.264"/>
  <testcase classname="P03_CartPageTC" name="verifyProductsRemoved" time="0.086"/>
  <testcase classname="P03_CartPageTC" name="verifyProductsRemoved" time="0.078"/>
  <testcase classname="P03_CartPageTC" name="verifyProductsRemoved" time="0.067"/>
  <testcase classname="P03_CartPageTC" name="verifyProductsRemoved" time="0.072"/>
  <testcase classname="P03_CartPageTC" name="continueshopping" time="0.213"/>
</testsuite> <!-- P03_CartPageTC -->
